<?xml version="1.0" encoding="UTF-8"?>
<!-- Generated by org.testng.reporters.JUnitReportReporter -->
<testsuite hostname="Shail-Dell-PC" failures="0" tests="2" name="TestRuner.TestRunner1" time="40.380" errors="0" timestamp="2023-03-12T15:28:38 GMT" skipped="0">
  <testcase classname="TestRuner.TestRunner1" name="runScenario" time="20.455"/>
  <system-out/>
  <testcase classname="TestRuner.TestRunner1" name="runScenario" time="19.925"/>
  <system-out/>
</testsuite> <!-- TestRuner.TestRunner1 -->
